[    0.000000] Linux version 4.15.0-162-generic (buildd@lcy01-amd64-007) (gcc version 7.5.0 (Ubuntu 7.5.0-3ubuntu1~18.04)) #170-Ubuntu SMP Mon Oct 18 11:38:05 UTC 2021 (Ubuntu 4.15.0-162.170-generic 4.15.18)
[    0.000000] Command line: BOOT_IMAGE=/boot/vmlinuz-4.15.0-162-generic root=LABEL=cloudimg-rootfs ro console=tty1 console=ttyS0
[    0.000000] KERNEL supported cpus:
[    0.000000]   Intel GenuineIntel
[    0.000000]   AMD AuthenticAMD
[    0.000000]   Centaur CentaurHauls
[    0.000000] x86/fpu: x87 FPU will use FXSAVE
[    0.000000] e820: BIOS-provided physical RAM map:
[    0.000000] BIOS-e820: [mem 0x0000000000000000-0x000000000009fbff] usable
[    0.000000] BIOS-e820: [mem 0x000000000009fc00-0x000000000009ffff] reserved
[    0.000000] BIOS-e820: [mem 0x00000000000f0000-0x00000000000fffff] reserved
[    0.000000] BIOS-e820: [mem 0x0000000000100000-0x000000007ffeffff] usable
[    0.000000] BIOS-e820: [mem 0x000000007fff0000-0x000000007fffffff] ACPI data
[    0.000000] BIOS-e820: [mem 0x00000000fec00000-0x00000000fec00fff] reserved
[    0.000000] BIOS-e820: [mem 0x00000000fee00000-0x00000000fee00fff] reserved
[    0.000000] BIOS-e820: [mem 0x00000000fffc0000-0x00000000ffffffff] reserved
[    0.000000] NX (Execute Disable) protection: active
[    0.000000] SMBIOS 2.5 present.
[    0.000000] DMI: innotek GmbH VirtualBox/VirtualBox, BIOS VirtualBox 12/01/2006
[    0.000000] Hypervisor detected: KVM
[    0.000000] e820: last_pfn = 0x7fff0 max_arch_pfn = 0x400000000
[    0.000000] MTRR: Disabled
[    0.000000] x86/PAT: MTRRs disabled, skipping PAT initialization too.
[    0.000000] CPU MTRRs all blank - virtualized system.
[    0.000000] x86/PAT: Configuration [0-7]: WB  WT  UC- UC  WB  WT  UC- UC  
[    0.000000] found SMP MP-table at [mem 0x0009fff0-0x0009ffff]
[    0.000000] Scanning 1 areas for low memory corruption
[    0.000000] RAMDISK: [mem 0x359cd000-0x36cddfff]
[    0.000000] ACPI: Early table checksum verification disabled
[    0.000000] ACPI: RSDP 0x00000000000E0000 000024 (v02 VBOX  )
[    0.000000] ACPI: XSDT 0x000000007FFF0030 00003C (v01 VBOX   VBOXXSDT 00000001 ASL  00000061)
[    0.000000] ACPI: FACP 0x000000007FFF00F0 0000F4 (v04 VBOX   VBOXFACP 00000001 ASL  00000061)
[    0.000000] ACPI: DSDT 0x000000007FFF0470 002325 (v02 VBOX   VBOXBIOS 00000002 INTL 20100528)
[    0.000000] ACPI: FACS 0x000000007FFF0200 000040
[    0.000000] ACPI: FACS 0x000000007FFF0200 000040
[    0.000000] ACPI: APIC 0x000000007FFF0240 00005C (v02 VBOX   VBOXAPIC 00000001 ASL  00000061)
[    0.000000] ACPI: SSDT 0x000000007FFF02A0 0001CC (v01 VBOX   VBOXCPUT 00000002 INTL 20100528)
[    0.000000] ACPI: Reserving FACP table memory at [mem 0x7fff00f0-0x7fff01e3]
[    0.000000] ACPI: Reserving DSDT table memory at [mem 0x7fff0470-0x7fff2794]
[    0.000000] ACPI: Reserving FACS table memory at [mem 0x7fff0200-0x7fff023f]
[    0.000000] ACPI: Reserving FACS table memory at [mem 0x7fff0200-0x7fff023f]
[    0.000000] ACPI: Reserving APIC table memory at [mem 0x7fff0240-0x7fff029b]
[    0.000000] ACPI: Reserving SSDT table memory at [mem 0x7fff02a0-0x7fff046b]
[    0.000000] No NUMA configuration found
[    0.000000] Faking a node at [mem 0x0000000000000000-0x000000007ffeffff]
[    0.000000] NODE_DATA(0) allocated [mem 0x7ffc5000-0x7ffeffff]
[    0.000000] kvm-clock: cpu 0, msr 0:7ff44001, primary cpu clock
[    0.000000] kvm-clock: Using msrs 4b564d01 and 4b564d00
[    0.000000] kvm-clock: using sched offset of 5839260093 cycles
[    0.000000] clocksource: kvm-clock: mask: 0xffffffffffffffff max_cycles: 0x1cd42e4dffb, max_idle_ns: 881590591483 ns
[    0.000000] Zone ranges:
[    0.000000]   DMA      [mem 0x0000000000001000-0x0000000000ffffff]
[    0.000000]   DMA32    [mem 0x0000000001000000-0x000000007ffeffff]
[    0.000000]   Normal   empty
[    0.000000]   Device   empty
[    0.000000] Movable zone start for each node
[    0.000000] Early memory node ranges
[    0.000000]   node   0: [mem 0x0000000000001000-0x000000000009efff]
[    0.000000]   node   0: [mem 0x0000000000100000-0x000000007ffeffff]
[    0.000000] Reserved but unavailable: 104 pages
[    0.000000] Initmem setup node 0 [mem 0x0000000000001000-0x000000007ffeffff]
[    0.000000] ACPI: PM-Timer IO Port: 0x4008
[    0.000000] IOAPIC[0]: apic_id 2, version 32, address 0xfec00000, GSI 0-23
[    0.000000] ACPI: INT_SRC_OVR (bus 0 bus_irq 0 global_irq 2 dfl dfl)
[    0.000000] ACPI: INT_SRC_OVR (bus 0 bus_irq 9 global_irq 9 low level)
[    0.000000] Using ACPI (MADT) for SMP configuration information
[    0.000000] smpboot: Allowing 2 CPUs, 0 hotplug CPUs
[    0.000000] PM: Registered nosave memory: [mem 0x00000000-0x00000fff]
[    0.000000] PM: Registered nosave memory: [mem 0x0009f000-0x0009ffff]
[    0.000000] PM: Registered nosave memory: [mem 0x000a0000-0x000effff]
[    0.000000] PM: Registered nosave memory: [mem 0x000f0000-0x000fffff]
[    0.000000] e820: [mem 0x80000000-0xfebfffff] available for PCI devices
[    0.000000] Booting paravirtualized kernel on KVM
[    0.000000] clocksource: refined-jiffies: mask: 0xffffffff max_cycles: 0xffffffff, max_idle_ns: 7645519600211568 ns
[    0.000000] random: get_random_bytes called from start_kernel+0x99/0x500 with crng_init=0
[    0.000000] setup_percpu: NR_CPUS:8192 nr_cpumask_bits:2 nr_cpu_ids:2 nr_node_ids:1
[    0.000000] percpu: Embedded 45 pages/cpu s147456 r8192 d28672 u1048576
[    0.000000] PV qspinlock hash table entries: 256 (order: 0, 4096 bytes)
[    0.000000] Built 1 zonelists, mobility grouping on.  Total pages: 515961
[    0.000000] Policy zone: DMA32
[    0.000000] Kernel command line: BOOT_IMAGE=/boot/vmlinuz-4.15.0-162-generic root=LABEL=cloudimg-rootfs ro console=tty1 console=ttyS0
[    0.000000] Memory: 2014904K/2096696K available (12300K kernel code, 2483K rwdata, 4320K rodata, 2448K init, 2724K bss, 81792K reserved, 0K cma-reserved)
[    0.000000] SLUB: HWalign=64, Order=0-3, MinObjects=0, CPUs=2, Nodes=1
[    0.000000] Kernel/User page tables isolation: enabled
[    0.000000] ftrace: allocating 39475 entries in 155 pages
[    0.004000] Hierarchical RCU implementation.
[    0.004000] 	RCU restricting CPUs from NR_CPUS=8192 to nr_cpu_ids=2.
[    0.004000] 	Tasks RCU enabled.
[    0.004000] RCU: Adjusting geometry for rcu_fanout_leaf=16, nr_cpu_ids=2
[    0.004000] NR_IRQS: 524544, nr_irqs: 440, preallocated irqs: 16
[    0.004000] Console: colour VGA+ 80x25
[    0.004000] console [tty1] enabled
[    0.004000] console [ttyS0] enabled
[    0.004000] ACPI: Core revision 20170831
[    0.004000] ACPI: 2 ACPI AML tables successfully acquired and loaded
[    0.004000] APIC: Switch to symmetric I/O mode setup
[    0.004000] ..TIMER: vector=0x30 apic1=0 pin1=2 apic2=-1 pin2=-1
[    0.004006] tsc: Detected 2711.998 MHz processor
[    0.008012] Calibrating delay loop (skipped) preset value.. 5423.99 BogoMIPS (lpj=10847992)
[    0.012007] pid_max: default: 32768 minimum: 301
[    0.016088] Security Framework initialized
[    0.020005] Yama: becoming mindful.
[    0.024132] AppArmor: AppArmor initialized
[    0.045791] Dentry cache hash table entries: 262144 (order: 9, 2097152 bytes)
[    0.058890] Inode-cache hash table entries: 131072 (order: 8, 1048576 bytes)
[    0.060176] Mount-cache hash table entries: 4096 (order: 3, 32768 bytes)
[    0.064163] Mountpoint-cache hash table entries: 4096 (order: 3, 32768 bytes)
[    0.069947] Last level iTLB entries: 4KB 64, 2MB 8, 4MB 8
[    0.072005] Last level dTLB entries: 4KB 64, 2MB 0, 4MB 0, 1GB 4
[    0.076006] Spectre V1 : Mitigation: usercopy/swapgs barriers and __user pointer sanitization
[    0.080005] Spectre V2 : Mitigation: Full generic retpoline
[    0.084003] Spectre V2 : Spectre v2 / SpectreRSB mitigation: Filling RSB on context switch
[    0.088005] Speculative Store Bypass: Vulnerable
[    0.092048] MDS: Mitigation: Clear CPU buffers
[    0.096188] Freeing SMP alternatives memory: 36K
[    0.224007] APIC calibration not consistent with PM-Timer: 108ms instead of 100ms
[    0.228000] APIC delta adjusted to PM-Timer: 6413982 (6928135)
[    0.228693] smpboot: CPU0: Intel(R) Core(TM) i5-7200U CPU @ 2.50GHz (family: 0x6, model: 0x8e, stepping: 0x9)
[    0.232550] Performance Events: unsupported p6 CPU model 142 no PMU driver, software events only.
[    0.236208] Hierarchical SRCU implementation.
[    0.241012] NMI watchdog: Perf event create on CPU 0 failed with -2
[    0.244006] NMI watchdog: Perf NMI watchdog permanently disabled
[    0.248440] smp: Bringing up secondary CPUs ...
[    0.253379] x86: Booting SMP configuration:
[    0.256006] .... node  #0, CPUs:      #1
[    0.004000] kvm-clock: cpu 1, msr 0:7ff44041, secondary cpu clock
[    0.270531] TSC synchronization [CPU#0 -> CPU#1]:
[    0.272000] Measured 94751 cycles TSC warp between CPUs, turning off TSC clock.
[    0.272000] tsc: Marking TSC unstable due to check_tsc_sync_source failed
[    0.276304] smp: Brought up 1 node, 2 CPUs
[    0.280011] smpboot: Max logical packages: 1
[    0.284011] smpboot: Total of 2 processors activated (10847.99 BogoMIPS)
[    0.292008] devtmpfs: initialized
[    0.296181] x86/mm: Memory block size: 128MB
[    0.304911] evm: security.selinux
[    0.308006] evm: security.SMACK64
[    0.312006] evm: security.SMACK64EXEC
[    0.316003] evm: security.SMACK64TRANSMUTE
[    0.320006] evm: security.SMACK64MMAP
[    0.324007] evm: security.apparmor
[    0.328005] evm: security.ima
[    0.332005] evm: security.capability
[    0.336625] clocksource: jiffies: mask: 0xffffffff max_cycles: 0xffffffff, max_idle_ns: 7645041785100000 ns
[    0.340021] futex hash table entries: 512 (order: 3, 32768 bytes)
[    0.344213] pinctrl core: initialized pinctrl subsystem
[    0.348699] RTC time: 23:56:20, date: 11/20/21
[    0.356582] NET: Registered protocol family 16
[    0.360316] audit: initializing netlink subsys (disabled)
[    0.364281] audit: type=2000 audit(1637452587.279:1): state=initialized audit_enabled=0 res=1
[    0.380010] cpuidle: using governor ladder
[    0.384018] cpuidle: using governor menu
[    0.388069] ACPI: bus type PCI registered
[    0.392009] acpiphp: ACPI Hot Plug PCI Controller Driver version: 0.5
[    0.400406] PCI: Using configuration type 1 for base access
[    0.408659] HugeTLB registered 2.00 MiB page size, pre-allocated 0 pages
[    0.416568] ACPI: Added _OSI(Module Device)
[    0.424009] ACPI: Added _OSI(Processor Device)
[    0.432004] ACPI: Added _OSI(3.0 _SCP Extensions)
[    0.436003] ACPI: Added _OSI(Processor Aggregator Device)
[    0.444006] ACPI: Added _OSI(Linux-Dell-Video)
[    0.452006] ACPI: Added _OSI(Linux-Lenovo-NV-HDMI-Audio)
[    0.460005] ACPI: Added _OSI(Linux-HPI-Hybrid-Graphics)
[    0.465142] ACPI: Executed 1 blocks of module-level executable AML code
[    0.481172] ACPI: Interpreter enabled
[    0.484015] ACPI: (supports S0 S5)
[    0.488003] ACPI: Using IOAPIC for interrupt routing
[    0.496073] PCI: Using host bridge windows from ACPI; if necessary, use "pci=nocrs" and report a bug
[    0.504331] ACPI: Enabled 2 GPEs in block 00 to 07
[    0.524509] ACPI: PCI Root Bridge [PCI0] (domain 0000 [bus 00-ff])
[    0.528014] acpi PNP0A03:00: _OSC: OS supports [ASPM ClockPM Segments MSI]
[    0.541137] acpi PNP0A03:00: _OSC: not requesting OS control; OS requires [ExtendedConfig ASPM ClockPM MSI]
[    0.552021] acpi PNP0A03:00: fail to add MMCONFIG information, can't access extended PCI configuration space under this bridge.
[    0.564970] PCI host bridge to bus 0000:00
[    0.568006] pci_bus 0000:00: root bus resource [io  0x0000-0x0cf7 window]
[    0.576008] pci_bus 0000:00: root bus resource [io  0x0d00-0xffff window]
[    0.584005] pci_bus 0000:00: root bus resource [mem 0x000a0000-0x000bffff window]
[    0.592009] pci_bus 0000:00: root bus resource [mem 0x80000000-0xfdffffff window]
[    0.604010] pci_bus 0000:00: root bus resource [bus 00-ff]
[    0.619560] pci 0000:00:01.1: legacy IDE quirk: reg 0x10: [io  0x01f0-0x01f7]
[    0.628007] pci 0000:00:01.1: legacy IDE quirk: reg 0x14: [io  0x03f6]
[    0.636007] pci 0000:00:01.1: legacy IDE quirk: reg 0x18: [io  0x0170-0x0177]
[    0.644006] pci 0000:00:01.1: legacy IDE quirk: reg 0x1c: [io  0x0376]
[    0.712894] pci 0000:00:07.0: quirk: [io  0x4000-0x403f] claimed by PIIX4 ACPI
[    0.728049] pci 0000:00:07.0: quirk: [io  0x4100-0x410f] claimed by PIIX4 SMB
[    0.764161] ACPI: PCI Interrupt Link [LNKA] (IRQs 5 9 10 *11)
[    0.776701] ACPI: PCI Interrupt Link [LNKB] (IRQs 5 9 *10 11)
[    0.788298] ACPI: PCI Interrupt Link [LNKC] (IRQs 5 *9 10 11)
[    0.804278] ACPI: PCI Interrupt Link [LNKD] (IRQs 5 9 10 *11)
[    0.820077] SCSI subsystem initialized
[    0.828273] pci 0000:00:02.0: vgaarb: setting as boot VGA device
[    0.832000] pci 0000:00:02.0: vgaarb: VGA device added: decodes=io+mem,owns=io+mem,locks=none
[    0.864008] pci 0000:00:02.0: vgaarb: bridge control possible
[    0.876005] vgaarb: loaded
[    0.884036] ACPI: bus type USB registered
[    0.896077] usbcore: registered new interface driver usbfs
[    0.912024] usbcore: registered new interface driver hub
[    0.924023] usbcore: registered new device driver usb
[    0.940018] EDAC MC: Ver: 3.0.0
[    0.952331] PCI: Using ACPI for IRQ routing
[    0.964734] NetLabel: Initializing
[    0.972003] NetLabel:  domain hash size = 128
[    0.984003] NetLabel:  protocols = UNLABELED CIPSOv4 CALIPSO
[    0.996253] NetLabel:  unlabeled traffic allowed by default
[    1.012433] clocksource: Switched to clocksource kvm-clock
[    1.085289] VFS: Disk quotas dquot_6.6.0
[    1.090294] VFS: Dquot-cache hash table entries: 512 (order 0, 4096 bytes)
[    1.099521] AppArmor: AppArmor Filesystem Enabled
[    1.106390] pnp: PnP ACPI init
[    1.113122] pnp: PnP ACPI: found 3 devices
[    1.127241] clocksource: acpi_pm: mask: 0xffffff max_cycles: 0xffffff, max_idle_ns: 2085701024 ns
[    1.137777] NET: Registered protocol family 2
[    1.144882] IP idents hash table entries: 32768 (order: 6, 262144 bytes)
[    1.153489] TCP established hash table entries: 16384 (order: 5, 131072 bytes)
[    1.162971] TCP bind hash table entries: 16384 (order: 6, 262144 bytes)
[    1.175078] TCP: Hash tables configured (established 16384 bind 16384)
[    1.183681] UDP hash table entries: 1024 (order: 3, 32768 bytes)
[    1.191629] UDP-Lite hash table entries: 1024 (order: 3, 32768 bytes)
[    1.199253] NET: Registered protocol family 1
[    1.205354] pci 0000:00:00.0: Limiting direct PCI/PCI transfers
[    1.212599] pci 0000:00:01.0: Activating ISA DMA hang workarounds
[    1.220346] pci 0000:00:02.0: Video device with shadowed ROM at [mem 0x000c0000-0x000dffff]
[    1.230476] Unpacking initramfs...
[    1.999207] Freeing initrd memory: 19524K
[    2.004623] clocksource: tsc: mask: 0xffffffffffffffff max_cycles: 0x27178451938, max_idle_ns: 440795251172 ns
[    2.016278] platform rtc_cmos: registered platform RTC device (no PNP device found)
[    2.025689] Scanning for low memory corruption every 60 seconds
[    2.035025] Initialise system trusted keyrings
[    2.040789] Key type blacklist registered
[    2.046516] workingset: timestamp_bits=36 max_order=19 bucket_order=0
[    2.057276] zbud: loaded
[    2.063228] squashfs: version 4.0 (2009/01/31) Phillip Lougher
[    2.071400] fuse init (API version 7.26)
[    2.100774] Key type asymmetric registered
[    2.106457] Asymmetric key parser 'x509' registered
[    2.112745] Block layer SCSI generic (bsg) driver version 0.4 loaded (major 246)
[    2.122203] io scheduler noop registered
[    2.127637] io scheduler deadline registered
[    2.133464] io scheduler cfq registered (default)
[    2.140525] ACPI: AC Adapter [AC] (on-line)
[    2.146105] input: Power Button as /devices/LNXSYSTM:00/LNXPWRBN:00/input/input0
[    2.156729] ACPI: Power Button [PWRF]
[    2.162181] input: Sleep Button as /devices/LNXSYSTM:00/LNXSLPBN:00/input/input1
[    2.171266] ACPI: Sleep Button [SLPF]
[    2.177505] Serial: 8250/16550 driver, 32 ports, IRQ sharing enabled
[    2.180356] ACPI: Battery Slot [BAT0] (battery present)
[    2.223354] 00:02: ttyS0 at I/O 0x3f8 (irq = 4, base_baud = 115200) is a 16550A
[    2.234380] Linux agpgart interface v0.103
[    2.250408] loop: module loaded
[    2.259898] scsi host0: ata_piix
[    2.266057] scsi host1: ata_piix
[    2.270877] ata1: PATA max UDMA/33 cmd 0x1f0 ctl 0x3f6 bmdma 0xd000 irq 14
[    2.278978] ata2: PATA max UDMA/33 cmd 0x170 ctl 0x376 bmdma 0xd008 irq 15
[    2.287547] libphy: Fixed MDIO Bus: probed
[    2.293703] tun: Universal TUN/TAP device driver, 1.6
[    2.300148] PPP generic driver version 2.4.2
[    2.305807] ehci_hcd: USB 2.0 'Enhanced' Host Controller (EHCI) Driver
[    2.313310] ehci-pci: EHCI PCI platform driver
[    2.318587] ehci-platform: EHCI generic platform driver
[    2.324630] ohci_hcd: USB 1.1 'Open' Host Controller (OHCI) Driver
[    2.331578] ohci-pci: OHCI PCI platform driver
[    2.337108] ohci-platform: OHCI generic platform driver
[    2.343721] uhci_hcd: USB Universal Host Controller Interface driver
[    2.351699] i8042: PNP: PS/2 Controller [PNP0303:PS2K,PNP0f03:PS2M] at 0x60,0x64 irq 1,12
[    2.365826] serio: i8042 KBD port at 0x60,0x64 irq 1
[    2.372838] serio: i8042 AUX port at 0x60,0x64 irq 12
[    2.379590] mousedev: PS/2 mouse device common for all mice
[    2.388647] input: AT Translated Set 2 keyboard as /devices/platform/i8042/serio0/input/input2
[    2.401893] rtc_cmos rtc_cmos: rtc core: registered rtc_cmos as rtc0
[    2.410848] rtc_cmos rtc_cmos: alarms up to one day, 114 bytes nvram
[    2.418614] i2c /dev entries driver
[    2.422516] device-mapper: uevent: version 1.0.3
[    2.428634] device-mapper: ioctl: 4.37.0-ioctl (2017-09-20) initialised: dm-devel@redhat.com
[    2.440580] ledtrig-cpu: registered to indicate activity on CPUs
[    2.484288] NET: Registered protocol family 10
[    2.497421] Segment Routing with IPv6
[    2.501903] NET: Registered protocol family 17
[    2.507481] Key type dns_resolver registered
[    2.518446] mce: Using 0 MCE banks
[    2.522881] RAS: Correctable Errors collector initialized.
[    2.529070] sched_clock: Marking stable (2528814577, 0)->(3952897601, -1424083024)
[    2.545057] registered taskstats version 1
[    2.550089] Loading compiled-in X.509 certificates
[    2.561284] Loaded X.509 cert 'Build time autogenerated kernel key: ebed311aedd59d9a851620769f4a146e4e1d43c6'
[    2.572832] Loaded X.509 cert 'Canonical Ltd. Live Patch Signing: 14df34d1a87cf37625abec039ef2bf521249b969'
[    2.584129] Loaded X.509 cert 'Canonical Ltd. Kernel Module Signing: 88f752e560a1e0737e31163a466ad7b70a850c19'
[    2.597636] zswap: loaded using pool lzo/zbud
[    2.619828] Key type big_key registered
[    2.625314] Key type trusted registered
[    2.637054] Key type encrypted registered
[    2.642682] AppArmor: AppArmor sha1 policy hashing enabled
[    2.649098] ima: No TPM chip found, activating TPM-bypass! (rc=-19)
[    2.657752] ima: Allocated hash algorithm: sha1
[    2.664300] evm: HMAC attrs: 0x1
[    2.669911]   Magic number: 13:865:959
[    2.675499] memory memory10: hash matches
[    2.682507] rtc_cmos rtc_cmos: setting system clock to 2021-11-20 23:56:22 UTC (1637452582)
[    2.695428] BIOS EDD facility v0.16 2004-Jun-25, 0 devices found
[    2.704544] EDD information not available.
[    2.717155] Freeing unused kernel image memory: 2448K
[    2.740374] Write protecting the kernel read-only data: 20480k
[    2.750803] Freeing unused kernel image memory: 2008K
[    2.758870] Freeing unused kernel image memory: 1824K
[    2.778759] x86/mm: Checked W+X mappings: passed, no W+X pages found.
[    2.787396] x86/mm: Checking user space page tables
[    2.807336] x86/mm: Checked W+X mappings: passed, no W+X pages found.
Loading, please wait...
starting version 237
[    3.029010] e1000: Intel(R) PRO/1000 Network Driver - version 7.3.21-k8-NAPI
[    3.040413] e1000: Copyright (c) 1999-2006 Intel Corporation.
[    3.043574] Fusion MPT base driver 3.04.20
[    3.055790] Copyright (c) 1999-2008 LSI Corporation
[    3.084657] Fusion MPT SPI Host driver 3.04.20
[    3.094481] mptbase: ioc0: Initiating bringup
[    3.210198] ioc0: LSI53C1030 A0: Capabilities={Initiator}
[    3.276541] input: ImExPS/2 Generic Explorer Mouse as /devices/platform/i8042/serio1/input/input4
[    3.517234] scsi host2: ioc0: LSI53C1030 A0, FwRev=00000000h, Ports=1, MaxQ=256, IRQ=20
[    3.701568] scsi 2:0:0:0: Direct-Access     VBOX     HARDDISK         1.0  PQ: 0 ANSI: 5
[    3.820352] scsi target2:0:0: Beginning Domain Validation
[    3.839862] scsi target2:0:0: Domain Validation skipping write tests
[    3.847996] scsi target2:0:0: Ending Domain Validation
[    3.855108] random: fast init done
[    3.859701] scsi target2:0:0: asynchronous
[    3.868682] scsi 2:0:1:0: Direct-Access     VBOX     HARDDISK         1.0  PQ: 0 ANSI: 5
[    4.264411] scsi target2:0:1: Beginning Domain Validation
[    4.280643] scsi target2:0:1: Domain Validation skipping write tests
[    4.288885] scsi target2:0:1: Ending Domain Validation
[    4.295141] scsi target2:0:1: asynchronous
[    4.315470] sd 2:0:0:0: [sda] 83886080 512-byte logical blocks: (42.9 GB/40.0 GiB)
[    4.320905] random: systemd-udevd: uninitialized urandom read (16 bytes read)
[    4.323941] sd 2:0:0:0: Attached scsi generic sg0 type 0
[    4.340283] sd 2:0:0:0: [sda] Write Protect is off
[    4.343981] random: systemd-udevd: uninitialized urandom read (16 bytes read)
[    4.355549] sd 2:0:1:0: [sdb] 20480 512-byte logical blocks: (10.5 MB/10.0 MiB)
[    4.364086] random: systemd-udevd: uninitialized urandom read (16 bytes read)
[    4.364552] sd 2:0:1:0: Attached scsi generic sg1 type 0
[    4.381191] sd 2:0:0:0: [sda] Incomplete mode parameter data
[    4.388268] sd 2:0:0:0: [sda] Assuming drive cache: write through
[    4.395015] sd 2:0:1:0: [sdb] Write Protect is off
[    4.401904] sd 2:0:1:0: [sdb] Incomplete mode parameter data
[    4.409454] sd 2:0:1:0: [sdb] Assuming drive cache: write through
[    4.423949]  sda: sda1
[    4.429609] sd 2:0:0:0: [sda] Attached SCSI disk
[    4.443175] sd 2:0:1:0: [sdb] Attached SCSI disk
[    4.634070] e1000 0000:00:03.0 eth0: (PCI:33MHz:32-bit) 02:75:2e:1a:60:96
[    4.641178] e1000 0000:00:03.0 eth0: Intel(R) PRO/1000 Network Connection
[    4.654048] e1000 0000:00:03.0 enp0s3: renamed from eth0
Begin: Loading essential drivers ... [    7.120571] raid6: sse2x1   gen() 10225 MB/s
[    7.172270] raid6: sse2x1   xor()  7412 MB/s
[    7.224126] raid6: sse2x2   gen() 12030 MB/s
[    7.276689] raid6: sse2x2   xor()  8543 MB/s
[    7.328440] raid6: sse2x4   gen() 13784 MB/s
[    7.380180] raid6: sse2x4   xor()  8993 MB/s
[    7.385380] raid6: using algorithm sse2x4 gen() 13784 MB/s
[    7.391482] raid6: .... xor() 8993 MB/s, rmw enabled
[    7.397489] raid6: using ssse3x2 recovery algorithm
[    7.406375] xor: measuring software checksum speed
[    7.452467]    prefetch64-sse: 18858.000 MB/sec
[    7.496472]    generic_sse: 13007.000 MB/sec
[    7.503678] xor: using function: prefetch64-sse (18858.000 MB/sec)
[    7.516979] async_tx: api initialized (async)
done.
Begin: Running /scripts/init-premount ... done.
Begin: Mounting root file system ... Begin: Running /scripts/local-top ... done.
Begin: Running /scripts/local-premount ... [    7.609419] Btrfs loaded, crc32c=crc32c-intel
Scanning for Btrfs filesystems
done.
Warning: fsck not present, so skipping root file system
[    7.689950] EXT4-fs (sda1): mounted filesystem with ordered data mode. Opts: (null)
done.
Begin: Running /scripts/local-bottom ... done.
Begin: Running /scripts/init-bottom ... done.
[    8.134259] ip_tables: (C) 2000-2006 Netfilter Core Team
[    8.174246] systemd[1]: systemd 237 running in system mode. (+PAM +AUDIT +SELINUX +IMA +APPARMOR +SMACK +SYSVINIT +UTMP +LIBCRYPTSETUP +GCRYPT +GNUTLS +ACL +XZ +LZ4 +SECCOMP +BLKID +ELFUTILS +KMOD -IDN2 +IDN -PCRE2 default-hierarchy=hybrid)
[    8.196328] systemd[1]: Detected virtualization oracle.
[    8.202311] systemd[1]: Detected architecture x86-64.

Welcome to [1mUbuntu 18.04.6 LTS[0m!

[    8.260082] systemd[1]: Set hostname to <ubuntu>.
[    8.281873] systemd[1]: Initializing machine ID from random generator.
[    8.289372] systemd[1]: Installed transient /etc/machine-id file.
[    9.039468] systemd[1]: Reached target User and Group Name Lookups.
[[0;32m  OK  [0m] Reached target User and Group Name Lookups.
[    9.050386] systemd[1]: Started Forward Password Requests to Wall Directory Watch.
[[0;32m  OK  [0m] Started Forward Password Requests to Wall Directory Watch.
[    9.077086] systemd[1]: Created slice User and Session Slice.
[[0;32m  OK  [0m] Created slice User and Session Slice.
[    9.086746] systemd[1]: Reached target Swap.
[[0;32m  OK  [0m] Reached target Swap.
[[0;32m  OK  [0m] Set up automount Arbitrary Executab…rmats File System Automount Point.
[[0;32m  OK  [0m] Reached target System Time Synchronized.
[[0;32m  OK  [0m] Created slice System Slice.
[[0;32m  OK  [0m] Listening on fsck to fsckd communication Socket.
[[0;32m  OK  [0m] Listening on Journal Socket (/dev/log).
[[0;32m  OK  [0m] Listening on /dev/initctl Compatibility Named Pipe.
[[0;32m  OK  [0m] Listening on Syslog Socket.
[[0;32m  OK  [0m] Listening on Device-mapper event daemon FIFOs.
[[0;32m  OK  [0m] Listening on Journal Socket.
         Starting File System Check on Root Device...
         Starting Set the console keyboard layout...
         Starting Create list of required st…ce nodes for the current kernel...
         Mounting Huge Pages File System...
         Mounting Kernel Debug File System...
[[0;32m  OK  [0m] Listening on LVM2 metadata daemon socket.
         Starting Monitoring of LVM2 mirrors…ng dmeventd or progress polling...
[[0;32m  OK  [0m] Listening on LVM2 poll daemon socket.
[[0;32m  OK  [0m] Listening on Network Service Netlink Socket.
         Starting Uncomplicated firewall...
[[0;32m  OK  [0m] Created slice system-serial\x2dgetty.slice.
[[0;32m  OK  [0m] Listening on udev Control Socket.
[[0;32m  OK  [0m] Reached target Slices.
[[0;32m  OK  [0m] Listening on udev Kernel Socket.
         Starting udev Coldplug all Devices...
         Starting Load Kernel Modules...
[[0;32m  OK  [0m] Listening on Journal Audit Socket.
         Starting Journal Service...
         Mounting POSIX Message Queue File System...
[[0;32m  OK  [0m] Started File System Check on Root Device.
[[0;32m  OK  [0m] Started Create list of required sta…vice nodes for the current kernel.
[[0;32m  OK  [0m] Mounted Huge Pages File System.
[[0;32m  OK  [0m] Mounted Kernel Debug File System.
[[0;32m  OK  [0m] Started Uncomplicated firewall.
[[0;32m  OK  [0m] Mounted POSIX Message Queue File System.
[[0;32m  OK  [0m] Started File System Check Daemon to report status.
         Starting Create Static Device Nodes in /dev...
         Starting Remount Root and Kernel File Systems...
[[0;32m  OK  [0m] Started LVM2 metadata daemon.
[[0;32m  OK  [0m] Started udev Coldplug all Devices.
[    9.444206] Loading iSCSI transport class v2.0-870.
[[0;32m  OK  [0m] Started Journal Service.
[[0;32m  OK  [0m] Started Create Static Device Nodes in /dev.
[[0;32m  OK  [0m] Started Set the console keyboard layout.
[    9.565923] iscsi: registered transport (tcp)
[    9.577817] EXT4-fs (sda1): re-mounted. Opts: (null)
[[0;32m  OK  [0m] Started Remount Root and Kernel File Systems.
         Starting Flush Journal to Persistent Storage...
         Starting Load/Save Random Seed...
[    9.642922] iscsi: registered transport (iser)
         Starting udev Kernel Device Manager...
[[0;32m  OK  [0m] Started Load Kernel Modules.
         Starting Apply Kernel Variables...
         Mounting Kernel Configuration File System...
         Mounting FUSE Control File System...
[[0;32m  OK  [0m] Mounted Kernel Configuration File System.
[[0;32m  OK  [0m] Mounted FUSE Control File System.
[    9.709428] systemd-journald[391]: Received request to flush runtime journal from PID 1
[[0;32m  OK  [0m] Started Load/Save Random Seed.
[[0;32m  OK  [0m] Started Monitoring of LVM2 mirrors,…sing dmeventd or progress polling.
[[0;32m  OK  [0m] Reached target Local File Systems (Pre).
[[0;32m  OK  [0m] Reached target Local File Systems.
         Starting ebtables ruleset management...
         Starting AppArmor initialization...
         Starting Tell Plymouth To Write Out Runtime Data...
         Starting Commit a transient machine-id on disk...
         Starting Set console font and keymap...
[[0;32m  OK  [0m] Started udev Kernel Device Manager.
[[0;32m  OK  [0m] Started Apply Kernel Variables.
[[0;32m  OK  [0m] Started Dispatch Password Requests to Console Directory Watch.
[[0;32m  OK  [0m] Reached target Local Encrypted Volumes.
[[0;32m  OK  [0m] Started Tell Plymouth To Write Out Runtime Data.
[[0;32m  OK  [0m] Started Set console font and keymap.
[[0;32m  OK  [0m] Started Commit a transient machine-id on disk.
[[0;32m  OK  [0m] Started Flush Journal to Persistent Storage.
         Starting Create Volatile Files and Directories...
[[0;32m  OK  [0m] Started ebtables ruleset management.
[[0;32m  OK  [0m] Started Create Volatile Files and Directories.
         Starting Update UTMP about System Boot/Shutdown...
[[0;32m  OK  [0m] Started Update UTMP about System Boot/Shutdown.
[[0;32m  OK  [0m] Found device /dev/ttyS0.
[[0;32m  OK  [0m] Listening on Load/Save RF Kill Switch Status /dev/rfkill Watch.
[[0;32m  OK  [0m] Started AppArmor initialization.
         Starting Initial cloud-init job (pre-networking)...
         Starting Load AppArmor profiles managed internally by snapd...
[[0;32m  OK  [0m] Started Load AppArmor profiles managed internally by snapd.
[   14.238241] cloud-init[551]: Cloud-init v. 21.3-1-g6803368d-0ubuntu1~18.04.4 running 'init-local' at Sat, 20 Nov 2021 23:56:33 +0000. Up 13.69 seconds.
[[0;32m  OK  [0m] Started Initial cloud-init job (pre-networking).
[[0;32m  OK  [0m] Reached target Network (Pre).
         Starting Network Service...
[[0;32m  OK  [0m] Started Network Service.
         Starting Network Name Resolution...
         Starting Wait for Network to be Configured...
[[0;32m  OK  [0m] Started Network Name Resolution.
[[0;32m  OK  [0m] Reached target Network.
[[0;32m  OK  [0m] Reached target Host and Network Name Lookups.
[[0;32m  OK  [0m] Started Wait for Network to be Configured.
         Starting Initial cloud-init job (metadata service crawler)...
[   16.901737] cloud-init[670]: Cloud-init v. 21.3-1-g6803368d-0ubuntu1~18.04.4 running 'init' at Sat, 20 Nov 2021 23:56:36 +0000. Up 16.63 seconds.
[   16.908432] cloud-init[670]: ci-info: ++++++++++++++++++++++++++++++++++++++Net device info++++++++++++++++++++++++++++++++++++++
[   16.914623] cloud-init[670]: ci-info: +--------+------+----------------------------+---------------+--------+-------------------+
[   16.920956] cloud-init[670]: ci-info: | Device |  Up  |          Address           |      Mask     | Scope  |     Hw-Address    |
[   16.928973] cloud-init[670]: ci-info: +--------+------+----------------------------+---------------+--------+-------------------+
[   16.935084] cloud-init[670]: ci-info: | enp0s3 | True |         10.0.2.15          | 255.255.255.0 | global | 02:75:2e:1a:60:96 |
[   16.942201] cloud-init[670]: ci-info: | enp0s3 | True | fe80::75:2eff:fe1a:6096/64 |       .       |  link  | 02:75:2e:1a:60:96 |
[   16.948800] cloud-init[670]: ci-info: |   lo   | True |         127.0.0.1          |   255.0.0.0   |  host  |         .         |
[   16.955039] cloud-init[670]: ci-info: |   lo   | True |          ::1/128           |       .       |  host  |         .         |
[   16.963751] cloud-init[670]: ci-info: +--------+------+----------------------------+---------------+--------+-------------------+
[   16.974272] cloud-init[670]: ci-info: ++++++++++++++++++++++++++++Route IPv4 info+++++++++++++++++++++++++++++
[   16.982359] cloud-init[670]: ci-info: +-------+-------------+----------+-----------------+-----------+-------+
[   16.987931] cloud-init[670]: ci-info: | Route | Destination | Gateway  |     Genmask     | Interface | Flags |
[   16.993777] cloud-init[670]: ci-info: +-------+-------------+----------+-----------------+-----------+-------+
[   17.001424] cloud-init[670]: ci-info: |   0   |   0.0.0.0   | 10.0.2.2 |     0.0.0.0     |   enp0s3  |   UG  |
[   17.010028] cloud-init[670]: ci-info: |   1   |   10.0.2.0  | 0.0.0.0  |  255.255.255.0  |   enp0s3  |   U   |
[   17.028976] cloud-init[670]: ci-info: |   2   |   10.0.2.2  | 0.0.0.0  | 255.255.255.255 |   enp0s3  |   UH  |
[   17.034509] cloud-init[670]: ci-info: +-------+-------------+----------+-----------------+-----------+-------+
[   17.040480] cloud-init[670]: ci-info: +++++++++++++++++++Route IPv6 info+++++++++++++++++++
[   17.045243] cloud-init[670]: ci-info: +-------+-------------+---------+-----------+-------+
[   17.049451] cloud-init[670]: ci-info: | Route | Destination | Gateway | Interface | Flags |
[   17.054234] cloud-init[670]: ci-info: +-------+-------------+---------+-----------+-------+
[   17.058848] cloud-init[670]: ci-info: |   1   |  fe80::/64  |    ::   |   enp0s3  |   U   |
[   17.063287] cloud-init[670]: ci-info: |   3   |    local    |    ::   |   enp0s3  |   U   |
[   17.067796] cloud-init[670]: ci-info: |   4   |   ff00::/8  |    ::   |   enp0s3  |   U   |
[   17.072027] cloud-init[670]: ci-info: +-------+-------------+---------+-----------+-------+
[   18.818338] cloud-init[670]: Generating public/private rsa key pair.
[   18.827065] cloud-init[670]: Your identification has been saved in /etc/ssh/ssh_host_rsa_key.
[   18.837019] cloud-init[670]: Your public key has been saved in /etc/ssh/ssh_host_rsa_key.pub.
[   18.844939] cloud-init[670]: The key fingerprint is:
[   18.851771] cloud-init[670]: SHA256:+om/o7BF3JuWx6tpj0+fZOQ1vz2dxR8yo4Pp5uPWpIg root@ubuntu-bionic
[   18.860882] cloud-init[670]: The key's randomart image is:
[   18.868307] cloud-init[670]: +---[RSA 2048]----+
[   18.876758] cloud-init[670]: |                 |
[   18.885569] cloud-init[670]: |                 |
[   18.893356] cloud-init[670]: |                 |
[   18.901084] cloud-init[670]: |     . .         |
[   18.908306] cloud-init[670]: |      o S   . o. |
[   18.915306] cloud-init[670]: [[0;32m  OK  [0m] Started Initial cloud-init job (metadata service crawler).
[[0;32m  OK  [0m] Reached target Network is Online.
[[0;32m  OK  [0m] Reached target Remote File Systems (Pre).
[[0;32m  OK  [0m] Reached target Remote File Systems.
         Starting Availability of block devices...
[[0;32m  OK  [0m] Reached target System Initialization.
[[0;32m  OK  [0m] Listening on cloud-init hotplug hook socket.
[[0;32m  OK  [0m] Listening on D-Bus System Message Bus Socket.
[[0;32m  OK  [0m] Listening on Open-iSCSI iscsid Socket.
         Starting LXD - unix socket.
[[0;32m  OK  [0m] Started Message of the Day.
[[0;32m  OK  [0m] Started Trigger to poll for Ubuntu …(Only enabled on GCP LTS non-pro).
[[0;32m  OK  [0m] Started Discard unused blocks once a week.
[[0;32m  OK  [0m] Started ACPI Events Check.
[[0;32m  OK  [0m] Reached target Paths.
[[0;32m  OK  [0m] Started Ubuntu Advantage Timer for running repeated jobs.
[[0;32m  OK  [0m] Listening on UUID daemon activation socket.
[[0;32m  OK  [0m] Started Daily Cleanup of Temporary Directories.
         Starting Socket activation for snappy daemon.
[[0;32m  OK  [0m] Started Daily apt download activities.
[[0;32m  OK  [0m] Started Daily apt upgrade and clean activities.
[[0;32m  OK  [0m] Reached target Timers.
[[0;32m  OK  [0m] Listening on ACPID Listen Socket.
[[0;32m  OK  [0m] Reached target Cloud-config availability.
[[0;32m  OK  [0m] Started Availability of block devices.
[[0;32m  OK  [0m] Listening on Socket activation for snappy daemon.
[[0;32m  OK  [0m] Listening on LXD - unix socket.
[[0;32m  OK  [0m] Reached target Sockets.
[[0;32m  OK  [0m] Reached target Basic System.
         Starting Accounts Service...
         Starting Pollinate to seed the pseudo random number generator...
|     . . = + = +o|
         Starting LSB: automatic crash report generation...
[   19.011900] cloud-init[670]: [[0;32m  OK  [0m] Started FUSE filesystem for LXC.
         Starting LSB: Record successful boot for GRUB...
[[0;32m  OK  [0m] Started Deferred execution scheduler.
|    . + * X = + B|
[   19.045798] cloud-init[670]:          Starting Snap Daemon...
[[0;32m  OK  [0m] Started D-Bus System Message Bus.
|     E =o& O . o=|
[   19.063860] cloud-init[670]: |    . o+#X= +  .o|
[   19.075394] cloud-init[670]: +----[SHA256]-----+
[   19.088185] cloud-init[670]: Generating public/private dsa key pair.
[   19.099114] cloud-init[670]: Your identification has been saved in /etc/ssh/ssh_host_dsa_key.
[   19.110167] cloud-init[670]: Your public key has been saved in /etc/ssh/ssh_host_dsa_key.pub.
[   19.119657] cloud-init[670]: The key fingerprint is:
[   19.127332] cloud-init[670]: SHA256:aAgsTLo7QeRJh2PARrZwybtqd3t3ReMgWMW1086K/fE root@ubuntu-bionic
[   19.142955] cloud-init[670]: The key's randomart image is:
[   19.150524] cloud-init[670]: +---[DSA 1024]----+
[   19.157666] cloud-init[670]: |*Boo      o...   |
[   19.164669] cloud-init[670]: |XO*      . .  o  |
[   19.171634] cloud-init[670]: |=*+.    o    o . |
[   19.178775] cloud-init[670]: |.o.. . o . . o+  |
[   19.186033] cloud-init[670]: |o  .. o S . + .o |
[   19.194098] cloud-init[670]: | o.  .      oo.  |
[   19.207028] cloud-init[670]: |o.         ..o . |
[   19.223747] cloud-init[670]: |.o . . . . .  . o|
[   19.233299] cloud-init[670]: |. . ..o . .    .E|
[   19.248700] cloud-init[670]: +----[SHA256]-----+
[   19.257008] cloud-init[670]: Generating public/private ecdsa key pair.
[   19.266665] cloud-init[670]: Your identification has been saved in /etc/ssh/ssh_host_ecdsa_key.
[   19.277338] cloud-init[670]: Your public key has been saved in /etc/ssh/ssh_host_ecdsa_key.pub.
[   19.288082] cloud-init[670]: The key fingerprint is:
[   19.295734] cloud-init[670]: SHA256:RWCzCzbbkf4tQMsKKVXv4H1T6dKG4tf9ljZeU/p7nnc root@ubuntu-bionic
[   19.307165] cloud-init[670]: The key's randomart image is:
[   19.313719] cloud-init[670]: +---[ECDSA 256]---+
[   19.320989] cloud-init[670]: |      . +..      |
[   19.328012] cloud-init[670]: |     . o =   .   |
[   19.335109] cloud-init[670]: |    . = * . o    |
[   19.342566] cloud-init[670]: |   . + % = =     |
[   19.361067] cloud-init[670]: |  . o o S = +   .|
[   19.363752] cloud-init[670]: |   . . o = * . ..|
[   19.366651] cloud-init[670]: |      . . + o o.o|
[   19.369467] cloud-init[670]: |         . .   *E|
[   19.373271] cloud-init[670]: |              o*X|
[   19.378454] cloud-init[670]: +----[SHA256]-----+
[   19.386622] cloud-init[670]: Generating public/private ed25519 key pair.
[   19.393243] cloud-init[670]: Your identification has been saved in /etc/ssh/ssh_host_ed25519_key.
[   19.399321] cloud-init[670]: Your public key has been saved in /etc/ssh/ssh_host_ed25519_key.pub.
[   19.405962] cloud-init[670]: The key fingerprint is:
[   19.410010] cloud-init[670]: SHA256:0gYp/U7DD0o+zwF+pD5ieSN61xQvGLGdBfE23IEhS4U root@ubuntu-bionic
[   19.417278] cloud-init[670]: The key's randomart image is:
[   19.425823] cloud-init[670]: +--[ED25519 256]--+
[   19.434159] cloud-init[670]: |        ==oo.    |
[   19.441712] cloud-init[670]: |     ..oE=o. .   |[[0;32m  OK  [0m] Started irqbalance daemon.
         Starting Virtualbox guest utils...

         Starting Login Service...
         Starting Permit User Sessions...
[   19.468688] cloud-init[670]: |    . ++.o= .    |
[   19.488407] cloud-init[670]: |     .o=+. .     |
[   19.500094] cloud-init[670]: |      +oSo       |
[   19.513911] cloud-init[670]: |     +.Xo+.      |
[[0;32m  OK  [0m] Started Regular background program processing daemon.
[   19.546856] cloud-init[670]: |     .*o+..      |
[   19.559273] cloud-init[670]: |    *.==..       |
[   19.576358] cloud-init[670]: |  .+ =.oo        |
[   19.591262] cloud-init[670]: +----[SHA256]-----+
         Starting Dispatcher daemon for systemd-networkd...
         Starting System Logging Service...
         Starting LXD - container startup/shutdown...
[[0;32m  OK  [0m] Started Permit User Sessions.
[[0;32m  OK  [0m] Started Login Service.
[[0;32m  OK  [0m] Started Unattended Upgrades Shutdown.
         Starting Authorization Manager...
         Starting Terminate Plymouth Boot Screen...
         Starting Hold until boot process finishes up...
[[0;32m  OK  [0m] Started Hold until boot process finishes up.
[[0;32m  OK  [0m] Started Terminate Plymouth Boot Screen.
         Starting Set console scheme...
[[0;32m  OK  [0m] Started Serial Getty on ttyS0.
[[0;32m  OK  [0m] Started System Logging Service.
[[0;32m  OK  [0m] Started LSB: automatic crash report generation.
[[0;32m  OK  [0m] Started Set console scheme.
[[0;32m  OK  [0m] Created slice system-getty.slice.
[[0;32m  OK  [0m] Started Getty on tty1.
[[0;32m  OK  [0m] Reached target Login Prompts.
[[0;32m  OK  [0m] Started Authorization Manager.
[[0;32m  OK  [0m] Started Accounts Service.
[[0;32m  OK  [0m] Started LSB: Record successful boot for GRUB.
[[0;32m  OK  [0m] Started Virtualbox guest utils.
[[0;32m  OK  [0m] Started LXD - container startup/shutdown.
[[0;32m  OK  [0m] Started Dispatcher daemon for systemd-networkd.
[[0;32m  OK  [0m] Started Snap Daemon.
         Starting Wait until snapd is fully seeded...
[[0;32m  OK  [0m] Started Pollinate to seed the pseudo random number generator.
         Starting OpenBSD Secure Shell server...
[[0;32m  OK  [0m] Started OpenBSD Secure Shell server.
[[0;32m  OK  [0m] Created slice User Slice of vagrant.
[[0;32m  OK  [0m] Started Session 1 of user vagrant.
         Starting User Manager for UID 1000...
[[0;32m  OK  [0m] Started User Manager for UID 1000.
[[0;32m  OK  [0m] Started Wait until snapd is fully seeded.
         Starting Apply the settings specified in cloud-config...
[[0;32m  OK  [0m] Reached target Multi-User System.
[[0;32m  OK  [0m] Reached target Graphical Interface.
         Starting Update UTMP about System Runlevel Changes...
[[0;32m  OK  [0m] Started Update UTMP about System Runlevel Changes.

Ubuntu 18.04.6 LTS ubuntu-bionic ttyS0

ubuntu-bionic login: [   26.854886] cloud-init[1179]: Cloud-init v. 21.3-1-g6803368d-0ubuntu1~18.04.4 running 'modules:config' at Sat, 20 Nov 2021 23:56:45 +0000. Up 25.94 seconds.
ci-info: no authorized SSH keys fingerprints found for user ubuntu.
<14>Nov 20 23:56:47 cloud-init: #############################################################
<14>Nov 20 23:56:47 cloud-init: -----BEGIN SSH HOST KEY FINGERPRINTS-----
<14>Nov 20 23:56:47 cloud-init: 1024 SHA256:aAgsTLo7QeRJh2PARrZwybtqd3t3ReMgWMW1086K/fE root@ubuntu-bionic (DSA)
<14>Nov 20 23:56:47 cloud-init: 256 SHA256:RWCzCzbbkf4tQMsKKVXv4H1T6dKG4tf9ljZeU/p7nnc root@ubuntu-bionic (ECDSA)
<14>Nov 20 23:56:47 cloud-init: 256 SHA256:0gYp/U7DD0o+zwF+pD5ieSN61xQvGLGdBfE23IEhS4U root@ubuntu-bionic (ED25519)
<14>Nov 20 23:56:47 cloud-init: 2048 SHA256:+om/o7BF3JuWx6tpj0+fZOQ1vz2dxR8yo4Pp5uPWpIg root@ubuntu-bionic (RSA)
<14>Nov 20 23:56:47 cloud-init: -----END SSH HOST KEY FINGERPRINTS-----
<14>Nov 20 23:56:47 cloud-init: #############################################################
-----BEGIN SSH HOST KEY KEYS-----
ecdsa-sha2-nistp256 AAAAE2VjZHNhLXNoYTItbmlzdHAyNTYAAAAIbmlzdHAyNTYAAABBBPAgVJ8dYsuOROXYmhZttD4xw+RmV4g7wvUlEypCeMKHf3Wh5fdPjp+fHORAo24ueI3ueAesS7QhuV0s0jguYkM= root@ubuntu-bionic
ssh-ed25519 AAAAC3NzaC1lZDI1NTE5AAAAIBRkgKcHOa7q2/TQUHc0q/E0ovBHB/gwsv8y1pgMi48n root@ubuntu-bionic
ssh-rsa AAAAB3NzaC1yc2EAAAADAQABAAABAQDrGar53gZ/0ZvNpiSt+DlfyLrCjGGchRD3yjhQue3NViUobKFsb0svRh0tCHGKatm36C+zOgDT9JgGvQndiIrT0CzYV5XMiDHUvcdSNUdG4EOob4RV7Rai/nhyYsM95VDbaPd1nP16g2WnLBDcwMUhmuljEvAfh/+vDGnAPUAPFe+55K788vOBMSma6KfCA4fDwqvTvCuKdNDaStRZb9HJjM4lMjxNza/k2r9/eY/N33RJ1Wv4NCKWwtp4/nMyn9UkxZcctbhOfUeGmqsvgXjh8hgTk1zE9ilDCcH75eVDFWZbURQI8c5xjlK7CTUzGzQtgIVhZUKha0KIPM8o1E33 root@ubuntu-bionic
-----END SSH HOST KEY KEYS-----
[   27.791424] cloud-init[1347]: Cloud-init v. 21.3-1-g6803368d-0ubuntu1~18.04.4 running 'modules:final' at Sat, 20 Nov 2021 23:56:47 +0000. Up 27.48 seconds.
[   27.791649] cloud-init[1347]: ci-info: no authorized SSH keys fingerprints found for user ubuntu.
[   27.791731] cloud-init[1347]: Cloud-init v. 21.3-1-g6803368d-0ubuntu1~18.04.4 finished at Sat, 20 Nov 2021 23:56:47 +0000. Datasource DataSourceNoCloud [seed=/dev/sdb][dsmode=net].  Up 27.77 seconds
